<?xml version="1.0" encoding="UTF-8"?>
<coverage generated="1744241865809" clover="3.2.0">
  <project timestamp="1744241865809" name="All files">
    <metrics statements="51" coveredstatements="48" conditionals="26" coveredconditionals="18" methods="12" coveredmethods="10" elements="89" coveredelements="76" complexity="0" loc="51" ncloc="51" packages="2" files="3" classes="3"/>
    <package name="data">
      <metrics statements="2" coveredstatements="2" conditionals="0" coveredconditionals="0" methods="0" coveredmethods="0"/>
      <file name="tileDefinitions.js" path="/home/ggenjoyer/Documents/curswork/carcassonne/carcassonne-server/data/tileDefinitions.js">
        <metrics statements="2" coveredstatements="2" conditionals="0" coveredconditionals="0" methods="0" coveredmethods="0"/>
        <line num="8" count="2" type="stmt"/>
        <line num="7112" count="2" type="stmt"/>
      </file>
    </package>
    <package name="helpers">
      <metrics statements="49" coveredstatements="46" conditionals="26" coveredconditionals="18" methods="12" coveredmethods="10"/>
      <file name="matchRules.js" path="/home/ggenjoyer/Documents/curswork/carcassonne/carcassonne-server/helpers/matchRules.js">
        <metrics statements="36" coveredstatements="36" conditionals="12" coveredconditionals="11" methods="6" coveredmethods="6"/>
        <line num="4" count="1" type="stmt"/>
        <line num="5" count="1" type="stmt"/>
        <line num="8" count="1" type="stmt"/>
        <line num="21" count="11" type="stmt"/>
        <line num="24" count="11" type="stmt"/>
        <line num="27" count="11" type="stmt"/>
        <line num="28" count="7" type="stmt"/>
        <line num="31" count="11" type="stmt"/>
        <line num="42" count="6" type="cond" truecount="2" falsecount="0"/>
        <line num="46" count="5" type="stmt"/>
        <line num="47" count="6" type="stmt"/>
        <line num="48" count="6" type="stmt"/>
        <line num="51" count="6" type="cond" truecount="2" falsecount="0"/>
        <line num="54" count="3" type="stmt"/>
        <line num="67" count="3" type="stmt"/>
        <line num="68" count="3" type="stmt"/>
        <line num="71" count="3" type="stmt"/>
        <line num="78" count="3" type="stmt"/>
        <line num="79" count="9" type="stmt"/>
        <line num="80" count="9" type="stmt"/>
        <line num="82" count="9" type="cond" truecount="4" falsecount="0"/>
        <line num="83" count="2" type="stmt"/>
        <line num="86" count="2" type="stmt"/>
        <line num="87" count="2" type="stmt"/>
        <line num="88" count="2" type="stmt"/>
        <line num="91" count="2" type="stmt"/>
        <line num="92" count="2" type="stmt"/>
        <line num="95" count="2" type="cond" truecount="2" falsecount="0"/>
        <line num="97" count="1" type="stmt"/>
        <line num="103" count="2" type="stmt"/>
        <line num="109" count="1" type="stmt"/>
        <line num="112" count="1" type="stmt"/>
        <line num="113" count="4" type="stmt"/>
        <line num="116" count="4" type="cond" truecount="1" falsecount="1"/>
        <line num="122" count="2" type="stmt"/>
        <line num="125" count="1" type="stmt"/>
      </file>
      <file name="tileSegments.js" path="/home/ggenjoyer/Documents/curswork/carcassonne/carcassonne-server/helpers/tileSegments.js">
        <metrics statements="13" coveredstatements="10" conditionals="14" coveredconditionals="7" methods="6" coveredmethods="4"/>
        <line num="4" count="1" type="stmt"/>
        <line num="17" count="1" type="stmt"/>
        <line num="18" count="1" type="cond" truecount="3" falsecount="1"/>
        <line num="19" count="1" type="stmt"/>
        <line num="20" count="1" type="cond" truecount="3" falsecount="1"/>
        <line num="29" count="1" type="stmt"/>
        <line num="31" count="1" type="stmt"/>
        <line num="32" count="28" type="cond" truecount="1" falsecount="1"/>
        <line num="33" count="92" type="stmt"/>
        <line num="41" count="0" type="stmt"/>
        <line num="42" count="0" type="cond" truecount="0" falsecount="2"/>
        <line num="43" count="0" type="cond" truecount="0" falsecount="2"/>
        <line num="46" count="1" type="stmt"/>
      </file>
    </package>
  </project>
</coverage>
