{"/home/ggenjoyer/Documents/curswork/carcassonne/carcassonne-server/data/tileDefinitions.js": {"path":"/home/ggenjoyer/Documents/curswork/carcassonne/carcassonne-server/data/tileDefinitions.js","statementMap":{"0":{"start":{"line":1,"column":24},"end":{"line":3697,"column":1}},"1":{"start":{"line":3699,"column":0},"end":{"line":3699,"column":33}}},"fnMap":{},"branchMap":{},"s":{"0":2,"1":2},"f":{},"b":{},"_coverageSchema":"1a1c01bbd47fc00a2c39e90264f33305004495a9","hash":"1d89fd81e7686ac495ebe7c7193ba0ca111b3bc2"}
,"/home/ggenjoyer/Documents/curswork/carcassonne/carcassonne-server/helpers/matchRules.js": {"path":"/home/ggenjoyer/Documents/curswork/carcassonne/carcassonne-server/helpers/matchRules.js","statementMap":{"0":{"start":{"line":1,"column":28},"end":{"line":1,"column":62}},"1":{"start":{"line":2,"column":28},"end":{"line":2,"column":53}},"2":{"start":{"line":4,"column":19},"end":{"line":8,"column":1}},"3":{"start":{"line":11,"column":20},"end":{"line":11,"column":62}},"4":{"start":{"line":13,"column":25},"end":{"line":13,"column":37}},"5":{"start":{"line":15,"column":2},"end":{"line":17,"column":3}},"6":{"start":{"line":15,"column":15},"end":{"line":15,"column":16}},"7":{"start":{"line":16,"column":4},"end":{"line":16,"column":53}},"8":{"start":{"line":19,"column":2},"end":{"line":19,"column":26}},"9":{"start":{"line":23,"column":2},"end":{"line":23,"column":58}},"10":{"start":{"line":23,"column":45},"end":{"line":23,"column":58}},"11":{"start":{"line":25,"column":2},"end":{"line":30,"column":3}},"12":{"start":{"line":25,"column":15},"end":{"line":25,"column":16}},"13":{"start":{"line":26,"column":21},"end":{"line":26,"column":33}},"14":{"start":{"line":27,"column":21},"end":{"line":27,"column":56}},"15":{"start":{"line":29,"column":4},"end":{"line":29,"column":54}},"16":{"start":{"line":29,"column":41},"end":{"line":29,"column":54}},"17":{"start":{"line":32,"column":2},"end":{"line":32,"column":14}},"18":{"start":{"line":36,"column":31},"end":{"line":36,"column":60}},"19":{"start":{"line":37,"column":20},"end":{"line":37,"column":25}},"20":{"start":{"line":39,"column":21},"end":{"line":44,"column":3}},"21":{"start":{"line":46,"column":2},"end":{"line":67,"column":3}},"22":{"start":{"line":47,"column":24},"end":{"line":47,"column":45}},"23":{"start":{"line":48,"column":21},"end":{"line":48,"column":39}},"24":{"start":{"line":50,"column":4},"end":{"line":66,"column":5}},"25":{"start":{"line":51,"column":6},"end":{"line":51,"column":25}},"26":{"start":{"line":53,"column":28},"end":{"line":53,"column":59}},"27":{"start":{"line":54,"column":39},"end":{"line":54,"column":72}},"28":{"start":{"line":55,"column":32},"end":{"line":55,"column":71}},"29":{"start":{"line":57,"column":27},"end":{"line":57,"column":68}},"30":{"start":{"line":58,"column":31},"end":{"line":61,"column":7}},"31":{"start":{"line":63,"column":6},"end":{"line":65,"column":7}},"32":{"start":{"line":64,"column":8},"end":{"line":64,"column":21}},"33":{"start":{"line":69,"column":2},"end":{"line":69,"column":21}},"34":{"start":{"line":73,"column":27},"end":{"line":73,"column":56}},"35":{"start":{"line":75,"column":2},"end":{"line":78,"column":5}},"36":{"start":{"line":76,"column":21},"end":{"line":76,"column":54}},"37":{"start":{"line":77,"column":4},"end":{"line":77,"column":71}},"38":{"start":{"line":82,"column":2},"end":{"line":82,"column":25}},"39":{"start":{"line":85,"column":0},"end":{"line":92,"column":2}}},"fnMap":{"0":{"name":"getEffectiveEdgeIndices","decl":{"start":{"line":10,"column":9},"end":{"line":10,"column":32}},"loc":{"start":{"line":10,"column":39},"end":{"line":20,"column":1}},"line":10},"1":{"name":"canMatchSegments","decl":{"start":{"line":22,"column":9},"end":{"line":22,"column":25}},"loc":{"start":{"line":22,"column":48},"end":{"line":33,"column":1}},"line":22},"2":{"name":"validateTilePlacement","decl":{"start":{"line":35,"column":9},"end":{"line":35,"column":30}},"loc":{"start":{"line":35,"column":50},"end":{"line":70,"column":1}},"line":35},"3":{"name":"getEffectiveEdges","decl":{"start":{"line":72,"column":9},"end":{"line":72,"column":26}},"loc":{"start":{"line":72,"column":33},"end":{"line":79,"column":1}},"line":72},"4":{"name":"(anonymous_4)","decl":{"start":{"line":75,"column":30},"end":{"line":75,"column":31}},"loc":{"start":{"line":75,"column":41},"end":{"line":78,"column":3}},"line":75},"5":{"name":"canMatch","decl":{"start":{"line":81,"column":9},"end":{"line":81,"column":17}},"loc":{"start":{"line":81,"column":32},"end":{"line":83,"column":1}},"line":81}},"branchMap":{"0":{"loc":{"start":{"line":23,"column":2},"end":{"line":23,"column":58}},"type":"if","locations":[{"start":{"line":23,"column":2},"end":{"line":23,"column":58}},{"start":{},"end":{}}],"line":23},"1":{"loc":{"start":{"line":29,"column":4},"end":{"line":29,"column":54}},"type":"if","locations":[{"start":{"line":29,"column":4},"end":{"line":29,"column":54}},{"start":{},"end":{}}],"line":29},"2":{"loc":{"start":{"line":50,"column":4},"end":{"line":66,"column":5}},"type":"if","locations":[{"start":{"line":50,"column":4},"end":{"line":66,"column":5}},{"start":{},"end":{}}],"line":50},"3":{"loc":{"start":{"line":50,"column":8},"end":{"line":50,"column":51}},"type":"binary-expr","locations":[{"start":{"line":50,"column":8},"end":{"line":50,"column":30}},{"start":{"line":50,"column":34},"end":{"line":50,"column":51}}],"line":50},"4":{"loc":{"start":{"line":63,"column":6},"end":{"line":65,"column":7}},"type":"if","locations":[{"start":{"line":63,"column":6},"end":{"line":65,"column":7}},{"start":{},"end":{}}],"line":63},"5":{"loc":{"start":{"line":77,"column":11},"end":{"line":77,"column":70}},"type":"cond-expr","locations":[{"start":{"line":77,"column":35},"end":{"line":77,"column":51}},{"start":{"line":77,"column":54},"end":{"line":77,"column":70}}],"line":77}},"s":{"0":1,"1":1,"2":1,"3":11,"4":11,"5":11,"6":11,"7":7,"8":11,"9":6,"10":1,"11":5,"12":5,"13":6,"14":6,"15":6,"16":2,"17":3,"18":3,"19":3,"20":3,"21":3,"22":9,"23":9,"24":9,"25":2,"26":2,"27":2,"28":2,"29":2,"30":2,"31":2,"32":1,"33":2,"34":1,"35":1,"36":4,"37":4,"38":2,"39":1},"f":{"0":11,"1":6,"2":3,"3":1,"4":4,"5":2},"b":{"0":[1,5],"1":[2,4],"2":[2,7],"3":[9,2],"4":[1,1],"5":[4,0]},"_coverageSchema":"1a1c01bbd47fc00a2c39e90264f33305004495a9","hash":"d2df402fc9d92aa78a6468fe6321e0a82b181a67"}
,"/home/ggenjoyer/Documents/curswork/carcassonne/carcassonne-server/helpers/tileSegments.js": {"path":"/home/ggenjoyer/Documents/curswork/carcassonne/carcassonne-server/helpers/tileSegments.js","statementMap":{"0":{"start":{"line":1,"column":24},"end":{"line":1,"column":58}},"1":{"start":{"line":4,"column":25},"end":{"line":4,"column":50}},"2":{"start":{"line":5,"column":2},"end":{"line":5,"column":58}},"3":{"start":{"line":5,"column":48},"end":{"line":5,"column":58}},"4":{"start":{"line":6,"column":15},"end":{"line":6,"column":69}},"5":{"start":{"line":6,"column":48},"end":{"line":6,"column":68}},"6":{"start":{"line":7,"column":2},"end":{"line":7,"column":52}},"7":{"start":{"line":10,"column":18},"end":{"line":10,"column":20}},"8":{"start":{"line":11,"column":0},"end":{"line":18,"column":3}},"9":{"start":{"line":12,"column":2},"end":{"line":17,"column":3}},"10":{"start":{"line":13,"column":4},"end":{"line":16,"column":8}},"11":{"start":{"line":13,"column":73},"end":{"line":16,"column":5}},"12":{"start":{"line":21,"column":16},"end":{"line":21,"column":35}},"13":{"start":{"line":22,"column":2},"end":{"line":22,"column":26}},"14":{"start":{"line":22,"column":14},"end":{"line":22,"column":26}},"15":{"start":{"line":23,"column":2},"end":{"line":23,"column":62}},"16":{"start":{"line":23,"column":30},"end":{"line":23,"column":52}},"17":{"start":{"line":26,"column":0},"end":{"line":30,"column":2}}},"fnMap":{"0":{"name":"getEdgeSegments","decl":{"start":{"line":3,"column":9},"end":{"line":3,"column":24}},"loc":{"start":{"line":3,"column":46},"end":{"line":8,"column":1}},"line":3},"1":{"name":"(anonymous_1)","decl":{"start":{"line":6,"column":41},"end":{"line":6,"column":42}},"loc":{"start":{"line":6,"column":48},"end":{"line":6,"column":68}},"line":6},"2":{"name":"(anonymous_2)","decl":{"start":{"line":11,"column":37},"end":{"line":11,"column":38}},"loc":{"start":{"line":11,"column":51},"end":{"line":18,"column":1}},"line":11},"3":{"name":"(anonymous_3)","decl":{"start":{"line":13,"column":62},"end":{"line":13,"column":63}},"loc":{"start":{"line":13,"column":73},"end":{"line":16,"column":5}},"line":13},"4":{"name":"findAreaByName","decl":{"start":{"line":20,"column":9},"end":{"line":20,"column":23}},"loc":{"start":{"line":20,"column":44},"end":{"line":24,"column":1}},"line":20},"5":{"name":"(anonymous_5)","decl":{"start":{"line":23,"column":20},"end":{"line":23,"column":21}},"loc":{"start":{"line":23,"column":30},"end":{"line":23,"column":52}},"line":23}},"branchMap":{"0":{"loc":{"start":{"line":5,"column":2},"end":{"line":5,"column":58}},"type":"if","locations":[{"start":{"line":5,"column":2},"end":{"line":5,"column":58}},{"start":{},"end":{}}],"line":5},"1":{"loc":{"start":{"line":5,"column":6},"end":{"line":5,"column":46}},"type":"binary-expr","locations":[{"start":{"line":5,"column":6},"end":{"line":5,"column":21}},{"start":{"line":5,"column":25},"end":{"line":5,"column":46}}],"line":5},"2":{"loc":{"start":{"line":7,"column":9},"end":{"line":7,"column":51}},"type":"cond-expr","locations":[{"start":{"line":7,"column":33},"end":{"line":7,"column":46}},{"start":{"line":7,"column":49},"end":{"line":7,"column":51}}],"line":7},"3":{"loc":{"start":{"line":7,"column":9},"end":{"line":7,"column":30}},"type":"binary-expr","locations":[{"start":{"line":7,"column":9},"end":{"line":7,"column":13}},{"start":{"line":7,"column":17},"end":{"line":7,"column":30}}],"line":7},"4":{"loc":{"start":{"line":12,"column":2},"end":{"line":17,"column":3}},"type":"if","locations":[{"start":{"line":12,"column":2},"end":{"line":17,"column":3}},{"start":{},"end":{}}],"line":12},"5":{"loc":{"start":{"line":22,"column":2},"end":{"line":22,"column":26}},"type":"if","locations":[{"start":{"line":22,"column":2},"end":{"line":22,"column":26}},{"start":{},"end":{}}],"line":22},"6":{"loc":{"start":{"line":23,"column":9},"end":{"line":23,"column":61}},"type":"binary-expr","locations":[{"start":{"line":23,"column":9},"end":{"line":23,"column":53}},{"start":{"line":23,"column":57},"end":{"line":23,"column":61}}],"line":23}},"s":{"0":1,"1":1,"2":1,"3":0,"4":1,"5":1,"6":1,"7":1,"8":1,"9":28,"10":28,"11":92,"12":0,"13":0,"14":0,"15":0,"16":0,"17":1},"f":{"0":1,"1":1,"2":28,"3":92,"4":0,"5":0},"b":{"0":[0,1],"1":[1,1],"2":[1,0],"3":[1,1],"4":[28,0],"5":[0,0],"6":[0,0]},"_coverageSchema":"1a1c01bbd47fc00a2c39e90264f33305004495a9","hash":"c7cc096052b9c7f0af2fc00727e338afa0e19c35"}
}
