{"/home/ggenjoyer/Documents/curswork/carcassonne/carcassonne-server/data/tileDefinitions.js": {"path":"/home/ggenjoyer/Documents/curswork/carcassonne/carcassonne-server/data/tileDefinitions.js","statementMap":{"0":{"start":{"line":8,"column":24},"end":{"line":7110,"column":1}},"1":{"start":{"line":7112,"column":0},"end":{"line":7112,"column":33}}},"fnMap":{},"branchMap":{},"s":{"0":2,"1":2},"f":{},"b":{},"_coverageSchema":"1a1c01bbd47fc00a2c39e90264f33305004495a9","hash":"63015e498f52af9b048ad98790a6ccac2a06a1fe"}
,"/home/ggenjoyer/Documents/curswork/carcassonne/carcassonne-server/helpers/matchRules.js": {"path":"/home/ggenjoyer/Documents/curswork/carcassonne/carcassonne-server/helpers/matchRules.js","statementMap":{"0":{"start":{"line":4,"column":28},"end":{"line":4,"column":62}},"1":{"start":{"line":5,"column":28},"end":{"line":5,"column":53}},"2":{"start":{"line":8,"column":19},"end":{"line":12,"column":1}},"3":{"start":{"line":21,"column":20},"end":{"line":21,"column":62}},"4":{"start":{"line":24,"column":25},"end":{"line":24,"column":37}},"5":{"start":{"line":27,"column":2},"end":{"line":29,"column":3}},"6":{"start":{"line":27,"column":15},"end":{"line":27,"column":16}},"7":{"start":{"line":28,"column":4},"end":{"line":28,"column":53}},"8":{"start":{"line":31,"column":2},"end":{"line":31,"column":26}},"9":{"start":{"line":42,"column":2},"end":{"line":42,"column":58}},"10":{"start":{"line":42,"column":45},"end":{"line":42,"column":58}},"11":{"start":{"line":46,"column":2},"end":{"line":52,"column":3}},"12":{"start":{"line":46,"column":15},"end":{"line":46,"column":16}},"13":{"start":{"line":47,"column":21},"end":{"line":47,"column":33}},"14":{"start":{"line":48,"column":21},"end":{"line":48,"column":56}},"15":{"start":{"line":51,"column":4},"end":{"line":51,"column":54}},"16":{"start":{"line":51,"column":41},"end":{"line":51,"column":54}},"17":{"start":{"line":54,"column":2},"end":{"line":54,"column":14}},"18":{"start":{"line":67,"column":31},"end":{"line":67,"column":60}},"19":{"start":{"line":68,"column":20},"end":{"line":68,"column":25}},"20":{"start":{"line":71,"column":21},"end":{"line":76,"column":3}},"21":{"start":{"line":78,"column":2},"end":{"line":100,"column":3}},"22":{"start":{"line":79,"column":24},"end":{"line":79,"column":45}},"23":{"start":{"line":80,"column":21},"end":{"line":80,"column":39}},"24":{"start":{"line":82,"column":4},"end":{"line":99,"column":5}},"25":{"start":{"line":83,"column":6},"end":{"line":83,"column":25}},"26":{"start":{"line":86,"column":28},"end":{"line":86,"column":59}},"27":{"start":{"line":87,"column":39},"end":{"line":87,"column":72}},"28":{"start":{"line":88,"column":32},"end":{"line":88,"column":71}},"29":{"start":{"line":91,"column":27},"end":{"line":91,"column":68}},"30":{"start":{"line":92,"column":31},"end":{"line":92,"column":80}},"31":{"start":{"line":95,"column":6},"end":{"line":98,"column":7}},"32":{"start":{"line":97,"column":8},"end":{"line":97,"column":21}},"33":{"start":{"line":103,"column":2},"end":{"line":103,"column":21}},"34":{"start":{"line":109,"column":27},"end":{"line":109,"column":56}},"35":{"start":{"line":112,"column":2},"end":{"line":117,"column":5}},"36":{"start":{"line":113,"column":21},"end":{"line":113,"column":54}},"37":{"start":{"line":116,"column":4},"end":{"line":116,"column":71}},"38":{"start":{"line":122,"column":2},"end":{"line":122,"column":25}},"39":{"start":{"line":125,"column":0},"end":{"line":132,"column":2}}},"fnMap":{"0":{"name":"getEffectiveEdgeIndices","decl":{"start":{"line":19,"column":9},"end":{"line":19,"column":32}},"loc":{"start":{"line":19,"column":39},"end":{"line":32,"column":1}},"line":19},"1":{"name":"canMatchSegments","decl":{"start":{"line":40,"column":9},"end":{"line":40,"column":25}},"loc":{"start":{"line":40,"column":48},"end":{"line":55,"column":1}},"line":40},"2":{"name":"validateTilePlacement","decl":{"start":{"line":65,"column":9},"end":{"line":65,"column":30}},"loc":{"start":{"line":65,"column":50},"end":{"line":104,"column":1}},"line":65},"3":{"name":"getEffectiveEdges","decl":{"start":{"line":107,"column":9},"end":{"line":107,"column":26}},"loc":{"start":{"line":107,"column":33},"end":{"line":118,"column":1}},"line":107},"4":{"name":"(anonymous_4)","decl":{"start":{"line":112,"column":30},"end":{"line":112,"column":31}},"loc":{"start":{"line":112,"column":39},"end":{"line":117,"column":3}},"line":112},"5":{"name":"canMatch","decl":{"start":{"line":121,"column":9},"end":{"line":121,"column":17}},"loc":{"start":{"line":121,"column":32},"end":{"line":123,"column":1}},"line":121}},"branchMap":{"0":{"loc":{"start":{"line":42,"column":2},"end":{"line":42,"column":58}},"type":"if","locations":[{"start":{"line":42,"column":2},"end":{"line":42,"column":58}},{"start":{},"end":{}}],"line":42},"1":{"loc":{"start":{"line":51,"column":4},"end":{"line":51,"column":54}},"type":"if","locations":[{"start":{"line":51,"column":4},"end":{"line":51,"column":54}},{"start":{},"end":{}}],"line":51},"2":{"loc":{"start":{"line":82,"column":4},"end":{"line":99,"column":5}},"type":"if","locations":[{"start":{"line":82,"column":4},"end":{"line":99,"column":5}},{"start":{},"end":{}}],"line":82},"3":{"loc":{"start":{"line":82,"column":8},"end":{"line":82,"column":51}},"type":"binary-expr","locations":[{"start":{"line":82,"column":8},"end":{"line":82,"column":30}},{"start":{"line":82,"column":34},"end":{"line":82,"column":51}}],"line":82},"4":{"loc":{"start":{"line":95,"column":6},"end":{"line":98,"column":7}},"type":"if","locations":[{"start":{"line":95,"column":6},"end":{"line":98,"column":7}},{"start":{},"end":{}}],"line":95},"5":{"loc":{"start":{"line":116,"column":11},"end":{"line":116,"column":70}},"type":"cond-expr","locations":[{"start":{"line":116,"column":35},"end":{"line":116,"column":51}},{"start":{"line":116,"column":54},"end":{"line":116,"column":70}}],"line":116}},"s":{"0":1,"1":1,"2":1,"3":11,"4":11,"5":11,"6":11,"7":7,"8":11,"9":6,"10":1,"11":5,"12":5,"13":6,"14":6,"15":6,"16":2,"17":3,"18":3,"19":3,"20":3,"21":3,"22":9,"23":9,"24":9,"25":2,"26":2,"27":2,"28":2,"29":2,"30":2,"31":2,"32":1,"33":2,"34":1,"35":1,"36":4,"37":4,"38":2,"39":1},"f":{"0":11,"1":6,"2":3,"3":1,"4":4,"5":2},"b":{"0":[1,5],"1":[2,4],"2":[2,7],"3":[9,2],"4":[1,1],"5":[4,0]},"_coverageSchema":"1a1c01bbd47fc00a2c39e90264f33305004495a9","hash":"c53f47670f223248ff83bde9f123e03674e394af"}
,"/home/ggenjoyer/Documents/curswork/carcassonne/carcassonne-server/helpers/tileSegments.js": {"path":"/home/ggenjoyer/Documents/curswork/carcassonne/carcassonne-server/helpers/tileSegments.js","statementMap":{"0":{"start":{"line":4,"column":24},"end":{"line":4,"column":58}},"1":{"start":{"line":17,"column":25},"end":{"line":17,"column":50}},"2":{"start":{"line":18,"column":2},"end":{"line":18,"column":58}},"3":{"start":{"line":18,"column":48},"end":{"line":18,"column":58}},"4":{"start":{"line":19,"column":15},"end":{"line":19,"column":67}},"5":{"start":{"line":19,"column":46},"end":{"line":19,"column":66}},"6":{"start":{"line":20,"column":2},"end":{"line":20,"column":52}},"7":{"start":{"line":29,"column":18},"end":{"line":29,"column":20}},"8":{"start":{"line":31,"column":0},"end":{"line":38,"column":3}},"9":{"start":{"line":32,"column":2},"end":{"line":37,"column":3}},"10":{"start":{"line":33,"column":4},"end":{"line":36,"column":8}},"11":{"start":{"line":33,"column":71},"end":{"line":36,"column":5}},"12":{"start":{"line":41,"column":16},"end":{"line":41,"column":35}},"13":{"start":{"line":42,"column":2},"end":{"line":42,"column":26}},"14":{"start":{"line":42,"column":14},"end":{"line":42,"column":26}},"15":{"start":{"line":43,"column":2},"end":{"line":43,"column":60}},"16":{"start":{"line":43,"column":28},"end":{"line":43,"column":50}},"17":{"start":{"line":46,"column":0},"end":{"line":50,"column":2}}},"fnMap":{"0":{"name":"getEdgeSegments","decl":{"start":{"line":16,"column":9},"end":{"line":16,"column":24}},"loc":{"start":{"line":16,"column":46},"end":{"line":21,"column":1}},"line":16},"1":{"name":"(anonymous_1)","decl":{"start":{"line":19,"column":41},"end":{"line":19,"column":42}},"loc":{"start":{"line":19,"column":46},"end":{"line":19,"column":66}},"line":19},"2":{"name":"(anonymous_2)","decl":{"start":{"line":31,"column":37},"end":{"line":31,"column":38}},"loc":{"start":{"line":31,"column":49},"end":{"line":38,"column":1}},"line":31},"3":{"name":"(anonymous_3)","decl":{"start":{"line":33,"column":62},"end":{"line":33,"column":63}},"loc":{"start":{"line":33,"column":71},"end":{"line":36,"column":5}},"line":33},"4":{"name":"findAreaByName","decl":{"start":{"line":40,"column":9},"end":{"line":40,"column":23}},"loc":{"start":{"line":40,"column":44},"end":{"line":44,"column":1}},"line":40},"5":{"name":"(anonymous_5)","decl":{"start":{"line":43,"column":20},"end":{"line":43,"column":21}},"loc":{"start":{"line":43,"column":28},"end":{"line":43,"column":50}},"line":43}},"branchMap":{"0":{"loc":{"start":{"line":18,"column":2},"end":{"line":18,"column":58}},"type":"if","locations":[{"start":{"line":18,"column":2},"end":{"line":18,"column":58}},{"start":{},"end":{}}],"line":18},"1":{"loc":{"start":{"line":18,"column":6},"end":{"line":18,"column":46}},"type":"binary-expr","locations":[{"start":{"line":18,"column":6},"end":{"line":18,"column":21}},{"start":{"line":18,"column":25},"end":{"line":18,"column":46}}],"line":18},"2":{"loc":{"start":{"line":20,"column":9},"end":{"line":20,"column":51}},"type":"cond-expr","locations":[{"start":{"line":20,"column":33},"end":{"line":20,"column":46}},{"start":{"line":20,"column":49},"end":{"line":20,"column":51}}],"line":20},"3":{"loc":{"start":{"line":20,"column":9},"end":{"line":20,"column":30}},"type":"binary-expr","locations":[{"start":{"line":20,"column":9},"end":{"line":20,"column":13}},{"start":{"line":20,"column":17},"end":{"line":20,"column":30}}],"line":20},"4":{"loc":{"start":{"line":32,"column":2},"end":{"line":37,"column":3}},"type":"if","locations":[{"start":{"line":32,"column":2},"end":{"line":37,"column":3}},{"start":{},"end":{}}],"line":32},"5":{"loc":{"start":{"line":42,"column":2},"end":{"line":42,"column":26}},"type":"if","locations":[{"start":{"line":42,"column":2},"end":{"line":42,"column":26}},{"start":{},"end":{}}],"line":42},"6":{"loc":{"start":{"line":43,"column":9},"end":{"line":43,"column":59}},"type":"binary-expr","locations":[{"start":{"line":43,"column":9},"end":{"line":43,"column":51}},{"start":{"line":43,"column":55},"end":{"line":43,"column":59}}],"line":43}},"s":{"0":1,"1":1,"2":1,"3":0,"4":1,"5":1,"6":1,"7":1,"8":1,"9":28,"10":28,"11":92,"12":0,"13":0,"14":0,"15":0,"16":0,"17":1},"f":{"0":1,"1":1,"2":28,"3":92,"4":0,"5":0},"b":{"0":[0,1],"1":[1,1],"2":[1,0],"3":[1,1],"4":[28,0],"5":[0,0],"6":[0,0]},"_coverageSchema":"1a1c01bbd47fc00a2c39e90264f33305004495a9","hash":"f1040893db7bb5856b82fe28f707290f5dde9fa3"}
}
