TN:
SF:data/tileDefinitions.js
FNF:0
FNH:0
DA:1,2
DA:3699,2
LF:2
LH:2
BRF:0
BRH:0
end_of_record
TN:
SF:helpers/matchRules.js
FN:10,getEffectiveEdgeIndices
FN:22,canMatchSegments
FN:35,validateTilePlacement
FN:72,getEffectiveEdges
FN:75,(anonymous_4)
FN:81,canMatch
FNF:6
FNH:6
FNDA:11,getEffectiveEdgeIndices
FNDA:6,canMatchSegments
FNDA:3,validateTilePlacement
FNDA:1,getEffectiveEdges
FNDA:4,(anonymous_4)
FNDA:2,canMatch
DA:1,1
DA:2,1
DA:4,1
DA:11,11
DA:13,11
DA:15,11
DA:16,7
DA:19,11
DA:23,6
DA:25,5
DA:26,6
DA:27,6
DA:29,6
DA:32,3
DA:36,3
DA:37,3
DA:39,3
DA:46,3
DA:47,9
DA:48,9
DA:50,9
DA:51,2
DA:53,2
DA:54,2
DA:55,2
DA:57,2
DA:58,2
DA:63,2
DA:64,1
DA:69,2
DA:73,1
DA:75,1
DA:76,4
DA:77,4
DA:82,2
DA:85,1
LF:36
LH:36
BRDA:23,0,0,1
BRDA:23,0,1,5
BRDA:29,1,0,2
BRDA:29,1,1,4
BRDA:50,2,0,2
BRDA:50,2,1,7
BRDA:50,3,0,9
BRDA:50,3,1,2
BRDA:63,4,0,1
BRDA:63,4,1,1
BRDA:77,5,0,4
BRDA:77,5,1,0
BRF:12
BRH:11
end_of_record
TN:
SF:helpers/tileSegments.js
FN:3,getEdgeSegments
FN:6,(anonymous_1)
FN:11,(anonymous_2)
FN:13,(anonymous_3)
FN:20,findAreaByName
FN:23,(anonymous_5)
FNF:6
FNH:4
FNDA:1,getEdgeSegments
FNDA:1,(anonymous_1)
FNDA:28,(anonymous_2)
FNDA:92,(anonymous_3)
FNDA:0,findAreaByName
FNDA:0,(anonymous_5)
DA:1,1
DA:4,1
DA:5,1
DA:6,1
DA:7,1
DA:10,1
DA:11,1
DA:12,28
DA:13,92
DA:21,0
DA:22,0
DA:23,0
DA:26,1
LF:13
LH:10
BRDA:5,0,0,0
BRDA:5,0,1,1
BRDA:5,1,0,1
BRDA:5,1,1,1
BRDA:7,2,0,1
BRDA:7,2,1,0
BRDA:7,3,0,1
BRDA:7,3,1,1
BRDA:12,4,0,28
BRDA:12,4,1,0
BRDA:22,5,0,0
BRDA:22,5,1,0
BRDA:23,6,0,0
BRDA:23,6,1,0
BRF:14
BRH:7
end_of_record
