TN:
SF:data/tileDefinitions.js
FNF:0
FNH:0
DA:8,2
DA:7112,2
LF:2
LH:2
BRF:0
BRH:0
end_of_record
TN:
SF:helpers/matchRules.js
FN:19,getEffectiveEdgeIndices
FN:40,canMatchSegments
FN:65,validateTilePlacement
FN:107,getEffectiveEdges
FN:112,(anonymous_4)
FN:121,canMatch
FNF:6
FNH:6
FNDA:11,getEffectiveEdgeIndices
FNDA:6,canMatchSegments
FNDA:3,validateTilePlacement
FNDA:1,getEffectiveEdges
FNDA:4,(anonymous_4)
FNDA:2,canMatch
DA:4,1
DA:5,1
DA:8,1
DA:21,11
DA:24,11
DA:27,11
DA:28,7
DA:31,11
DA:42,6
DA:46,5
DA:47,6
DA:48,6
DA:51,6
DA:54,3
DA:67,3
DA:68,3
DA:71,3
DA:78,3
DA:79,9
DA:80,9
DA:82,9
DA:83,2
DA:86,2
DA:87,2
DA:88,2
DA:91,2
DA:92,2
DA:95,2
DA:97,1
DA:103,2
DA:109,1
DA:112,1
DA:113,4
DA:116,4
DA:122,2
DA:125,1
LF:36
LH:36
BRDA:42,0,0,1
BRDA:42,0,1,5
BRDA:51,1,0,2
BRDA:51,1,1,4
BRDA:82,2,0,2
BRDA:82,2,1,7
BRDA:82,3,0,9
BRDA:82,3,1,2
BRDA:95,4,0,1
BRDA:95,4,1,1
BRDA:116,5,0,4
BRDA:116,5,1,0
BRF:12
BRH:11
end_of_record
TN:
SF:helpers/tileSegments.js
FN:16,getEdgeSegments
FN:19,(anonymous_1)
FN:31,(anonymous_2)
FN:33,(anonymous_3)
FN:40,findAreaByName
FN:43,(anonymous_5)
FNF:6
FNH:4
FNDA:1,getEdgeSegments
FNDA:1,(anonymous_1)
FNDA:28,(anonymous_2)
FNDA:92,(anonymous_3)
FNDA:0,findAreaByName
FNDA:0,(anonymous_5)
DA:4,1
DA:17,1
DA:18,1
DA:19,1
DA:20,1
DA:29,1
DA:31,1
DA:32,28
DA:33,92
DA:41,0
DA:42,0
DA:43,0
DA:46,1
LF:13
LH:10
BRDA:18,0,0,0
BRDA:18,0,1,1
BRDA:18,1,0,1
BRDA:18,1,1,1
BRDA:20,2,0,1
BRDA:20,2,1,0
BRDA:20,3,0,1
BRDA:20,3,1,1
BRDA:32,4,0,28
BRDA:32,4,1,0
BRDA:42,5,0,0
BRDA:42,5,1,0
BRDA:43,6,0,0
BRDA:43,6,1,0
BRF:14
BRH:7
end_of_record
